Arguments: 
  /home/jonit/.nvm/versions/node/v18.18.2/bin/node /mnt/c/Users/joao/AppData/Roaming/npm/node_modules/yarn/bin/yarn.js init

PATH: 
  /home/jonit/.nvm/versions/node/v18.18.2/bin:/home/jonit/.cargo/bin:/usr/local/sbin:/usr/local/bin:/usr/sbin:/usr/bin:/sbin:/bin:/usr/games:/usr/local/games:/usr/lib/wsl/lib:/mnt/c/Windows/system32:/mnt/c/Windows:/mnt/c/Windows/System32/Wbem:/mnt/c/Windows/System32/WindowsPowerShell/v1.0/:/mnt/c/Windows/System32/OpenSSH/:/mnt/c/Program Files/NVIDIA Corporation/NVIDIA NvDLISR:/mnt/c/Program Files (x86)/NVIDIA Corporation/PhysX/Common:/mnt/c/Program Files/dotnet/:/mnt/c/Program Files/Docker/Docker/resources/bin:/mnt/c/Program Files/Git/cmd:/mnt/c/Program Files (x86)/Windows Kits/10/Windows Performance Toolkit/:/mnt/c/Program Files/Microsoft SQL Server/150/Tools/Binn/:/mnt/c/Program Files/Microsoft SQL Server/Client SDK/ODBC/170/Tools/Binn/:/mnt/c/Program Files/nodejs/:/mnt/c/Users/joao/.cargo/bin:/mnt/c/Users/joao/AppData/Local/Microsoft/WindowsApps:/mnt/c/Users/joao/.dotnet/tools:/mnt/c/Users/joao/AppData/Local/Programs/Microsoft VS Code/bin:/mnt/c/Users/joao/AppData/Roaming/npm:/home/jonit/.foundry/bin:/usr/lib/jvm/java-17-openjdk-amd64/bin:/usr/lib/android-sdk/cmdline-tools/cmdline-tools/bin:/usr/lib/android-sdk/platform-tools:/usr/local/go/bin:/home/jonit/go/bin

Yarn version: 
  1.22.19

Node version: 
  18.18.2

Platform: 
  linux x64

Trace: 
  Error: canceled
      at Interface.<anonymous> (/mnt/c/Users/joao/AppData/Roaming/npm/node_modules/yarn/lib/cli.js:137150:13)
      at Interface.emit (node:events:517:28)
      at [_ttyWrite] [as _ttyWrite] (node:internal/readline/interface:1132:18)
      at ReadStream.onkeypress (node:internal/readline/interface:271:20)
      at ReadStream.emit (node:events:517:28)
      at emitKeys (node:internal/readline/utils:357:14)
      at emitKeys.next (<anonymous>)
      at ReadStream.onData (node:internal/readline/emitKeypressEvents:64:36)
      at ReadStream.emit (node:events:517:28)
      at addChunk (node:internal/streams/readable:335:12)

npm manifest: 
  No manifest

yarn manifest: 
  No manifest

Lockfile: 
  No lockfile
